<?xml version="1.0" encoding="UTF-8"?>
<!-- Generated by org.testng.reporters.JUnitReportReporter -->
<testsuite hostname="197NODMB29507.local" failures="0" tests="4" name="com.qa.cifAdminTest.HomePageTest" time="2.187" errors="0" timestamp="2024-05-15T15:10:28 IST" skipped="0">
  <testcase classname="com.qa.cifAdminTest.HomePageTest" name="validateTitleTest" time="2.033"/>
  <testcase classname="com.qa.cifAdminTest.HomePageTest" name="verifyUserName" time="0.021"/>
  <testcase classname="com.qa.cifAdminTest.HomePageTest" name="clickContactLink" time="0.057"/>
  <testcase classname="com.qa.cifAdminTest.HomePageTest" name="verifyDealPage" time="0.076"/>
</testsuite> <!-- com.qa.cifAdminTest.HomePageTest -->
