<?xml version="1.0" encoding="UTF-8"?>
<!-- Generated by org.testng.reporters.JUnitReportReporter -->
<testsuite hostname="197NODMB29507.local" failures="0" tests="2" name="com.qa.cifAdminTest.LoginPageTest" time="7.472" errors="0" timestamp="2024-05-15T15:10:28 IST" skipped="0">
  <testcase classname="com.qa.cifAdminTest.LoginPageTest" name="validateLogo" time="7.249"/>
  <testcase classname="com.qa.cifAdminTest.LoginPageTest" name="validateLogin" time="0.223"/>
</testsuite> <!-- com.qa.cifAdminTest.LoginPageTest -->
